<?xml version="1.0" encoding="UTF-8"?>
<!-- Generated by org.testng.reporters.JUnitReportReporter -->
<testsuite hostname="dell-PC" failures="0" tests="1" name="fbTestClass.signupTest" time="22.566" errors="0" timestamp="2022-12-08T20:31:06 IST" skipped="0">
  <testcase classname="fbTestClass.signupTest" name="test1" time="22.566"/>
  <system-out/>
</testsuite> <!-- fbTestClass.signupTest -->
